c:\users\user\onedrive\바탕 화면\coloralpha2\x64\release\coloralpha2.pch
c:\users\user\onedrive\바탕 화면\coloralpha2\x64\release\vc143.pdb
c:\users\user\onedrive\바탕 화면\coloralpha2\x64\release\pch.obj
c:\users\user\onedrive\바탕 화면\coloralpha2\x64\release\mainfrm.obj
c:\users\user\onedrive\바탕 화면\coloralpha2\x64\release\crotate.obj
c:\users\user\onedrive\바탕 화면\coloralpha2\x64\release\crgbminmaxwant.obj
c:\users\user\onedrive\바탕 화면\coloralpha2\x64\release\coloralpha2view.obj
c:\users\user\onedrive\바탕 화면\coloralpha2\x64\release\coloralpha2doc.obj
c:\users\user\onedrive\바탕 화면\coloralpha2\x64\release\coloralpha2.obj
c:\users\user\onedrive\바탕 화면\coloralpha2\x64\release\cjustminmax.obj
c:\users\user\onedrive\바탕 화면\coloralpha2\x64\release\cinrgb.obj
c:\users\user\onedrive\바탕 화면\coloralpha2\x64\release\cinputone.obj
c:\users\user\onedrive\바탕 화면\coloralpha2\x64\release\childfrm.obj
c:\users\user\onedrive\바탕 화면\coloralpha2\x64\release\cchangecolval.obj
c:\users\user\onedrive\바탕 화면\coloralpha2\x64\release\coloralpha2.exe
c:\users\user\onedrive\바탕 화면\coloralpha2\x64\release\coloralpha2.pdb
c:\users\user\onedrive\바탕 화면\coloralpha2\x64\release\coloralpha2.ipdb
c:\users\user\onedrive\바탕 화면\coloralpha2\x64\release\coloralpha2.iobj
c:\users\user\onedrive\바탕 화면\coloralpha2\x64\release\coloralpha2.res
c:\users\user\onedrive\바탕 화면\coloralpha2\x64\release\coloralpha2.tlog\cl.command.1.tlog
c:\users\user\onedrive\바탕 화면\coloralpha2\x64\release\coloralpha2.tlog\cl.items.tlog
c:\users\user\onedrive\바탕 화면\coloralpha2\x64\release\coloralpha2.tlog\cl.read.1.tlog
c:\users\user\onedrive\바탕 화면\coloralpha2\x64\release\coloralpha2.tlog\cl.write.1.tlog
c:\users\user\onedrive\바탕 화면\coloralpha2\x64\release\coloralpha2.tlog\link.command.1.tlog
c:\users\user\onedrive\바탕 화면\coloralpha2\x64\release\coloralpha2.tlog\link.read.1.tlog
c:\users\user\onedrive\바탕 화면\coloralpha2\x64\release\coloralpha2.tlog\link.write.1.tlog
c:\users\user\onedrive\바탕 화면\coloralpha2\x64\release\coloralpha2.tlog\link.write.2u.tlog
c:\users\user\onedrive\바탕 화면\coloralpha2\x64\release\coloralpha2.tlog\rc.command.1.tlog
c:\users\user\onedrive\바탕 화면\coloralpha2\x64\release\coloralpha2.tlog\rc.read.1.tlog
c:\users\user\onedrive\바탕 화면\coloralpha2\x64\release\coloralpha2.tlog\rc.write.1.tlog
